2018-11-08T16:01:30+08:00 DEBUG (7): An error occurred 
File:
 D:\workspace\zendframework3\vendor\zendframework\zend-servicemanager\src\ServiceManager.php : on line 687 
Message:
Unable to resolve service "Api\Controller\Plugin\AjaxPlugin" to a factory; are you certain you provided it during configuration?
Stack trace: 
#0 D:\workspace\zendframework3\vendor\zendframework\zend-servicemanager\src\ServiceManager.php(763): Zend\ServiceManager\ServiceManager->getFactory('Api\\Controller\\...')
#1 D:\workspace\zendframework3\vendor\zendframework\zend-servicemanager\src\ServiceManager.php(200): Zend\ServiceManager\ServiceManager->doCreate('Api\\Controller\\...')
#2 D:\workspace\zendframework3\module\Api\src\Controller\Factory\AuthControllerFactory.php(22): Zend\ServiceManager\ServiceManager->get('Api\\Controller\\...')
#3 D:\workspace\zendframework3\vendor\zendframework\zend-servicemanager\src\ServiceManager.php(764): Api\Controller\Factory\AuthControllerFactory->__invoke(Object(Zend\ServiceManager\ServiceManager), 'Api\\Controller\\...', NULL)
#4 D:\workspace\zendframework3\vendor\zendframework\zend-servicemanager\src\ServiceManager.php(200): Zend\ServiceManager\ServiceManager->doCreate('Api\\Controller\\...')
#5 D:\workspace\zendframework3\vendor\zendframework\zend-servicemanager\src\AbstractPluginManager.php(141): Zend\ServiceManager\ServiceManager->get('Api\\Controller\\...')
#6 D:\workspace\zendframework3\vendor\zendframework\zend-mvc\src\DispatchListener.php(102): Zend\ServiceManager\AbstractPluginManager->get('Api\\Controller\\...')
#7 D:\workspace\zendframework3\vendor\zendframework\zend-eventmanager\src\EventManager.php(322): Zend\Mvc\DispatchListener->onDispatch(Object(Zend\Mvc\MvcEvent))
#8 D:\workspace\zendframework3\vendor\zendframework\zend-eventmanager\src\EventManager.php(179): Zend\EventManager\EventManager->triggerListeners(Object(Zend\Mvc\MvcEvent), Object(Closure))
#9 D:\workspace\zendframework3\vendor\zendframework\zend-mvc\src\Application.php(332): Zend\EventManager\EventManager->triggerEventUntil(Object(Closure), Object(Zend\Mvc\MvcEvent))
#10 D:\workspace\zendframework3\public\index.php(40): Zend\Mvc\Application->run()
#11 {main}
2018-11-08T16:01:30+08:00 DEBUG (7): -------end--------

2018-11-08T16:02:02+08:00 DEBUG (7): An error occurred 
File:
 D:\workspace\zendframework3\vendor\zendframework\zend-servicemanager\src\ServiceManager.php : on line 687 
Message:
Unable to resolve service "Api\Controller\Plugin\AjaxPlugin" to a factory; are you certain you provided it during configuration?
Stack trace: 
#0 D:\workspace\zendframework3\vendor\zendframework\zend-servicemanager\src\ServiceManager.php(763): Zend\ServiceManager\ServiceManager->getFactory('Api\\Controller\\...')
#1 D:\workspace\zendframework3\vendor\zendframework\zend-servicemanager\src\ServiceManager.php(200): Zend\ServiceManager\ServiceManager->doCreate('Api\\Controller\\...')
#2 D:\workspace\zendframework3\module\Api\src\Controller\Factory\AuthControllerFactory.php(22): Zend\ServiceManager\ServiceManager->get('Api\\Controller\\...')
#3 D:\workspace\zendframework3\vendor\zendframework\zend-servicemanager\src\ServiceManager.php(764): Api\Controller\Factory\AuthControllerFactory->__invoke(Object(Zend\ServiceManager\ServiceManager), 'Api\\Controller\\...', NULL)
#4 D:\workspace\zendframework3\vendor\zendframework\zend-servicemanager\src\ServiceManager.php(200): Zend\ServiceManager\ServiceManager->doCreate('Api\\Controller\\...')
#5 D:\workspace\zendframework3\vendor\zendframework\zend-servicemanager\src\AbstractPluginManager.php(141): Zend\ServiceManager\ServiceManager->get('Api\\Controller\\...')
#6 D:\workspace\zendframework3\vendor\zendframework\zend-mvc\src\DispatchListener.php(102): Zend\ServiceManager\AbstractPluginManager->get('Api\\Controller\\...')
#7 D:\workspace\zendframework3\vendor\zendframework\zend-eventmanager\src\EventManager.php(322): Zend\Mvc\DispatchListener->onDispatch(Object(Zend\Mvc\MvcEvent))
#8 D:\workspace\zendframework3\vendor\zendframework\zend-eventmanager\src\EventManager.php(179): Zend\EventManager\EventManager->triggerListeners(Object(Zend\Mvc\MvcEvent), Object(Closure))
#9 D:\workspace\zendframework3\vendor\zendframework\zend-mvc\src\Application.php(332): Zend\EventManager\EventManager->triggerEventUntil(Object(Closure), Object(Zend\Mvc\MvcEvent))
#10 D:\workspace\zendframework3\public\index.php(40): Zend\Mvc\Application->run()
#11 {main}
2018-11-08T16:02:02+08:00 DEBUG (7): -------end--------

2018-11-08T16:02:59+08:00 DEBUG (7): An error occurred 
File:
 D:\workspace\zendframework3\vendor\zendframework\zend-servicemanager\src\ServiceManager.php : on line 687 
Message:
Unable to resolve service "Api\Controller\Plugin\AjaxPlugin" to a factory; are you certain you provided it during configuration?
Stack trace: 
#0 D:\workspace\zendframework3\vendor\zendframework\zend-servicemanager\src\ServiceManager.php(763): Zend\ServiceManager\ServiceManager->getFactory('Api\\Controller\\...')
#1 D:\workspace\zendframework3\vendor\zendframework\zend-servicemanager\src\ServiceManager.php(200): Zend\ServiceManager\ServiceManager->doCreate('Api\\Controller\\...')
#2 D:\workspace\zendframework3\module\Api\src\Controller\Factory\AuthControllerFactory.php(22): Zend\ServiceManager\ServiceManager->get('Api\\Controller\\...')
#3 D:\workspace\zendframework3\vendor\zendframework\zend-servicemanager\src\ServiceManager.php(764): Api\Controller\Factory\AuthControllerFactory->__invoke(Object(Zend\ServiceManager\ServiceManager), 'Api\\Controller\\...', NULL)
#4 D:\workspace\zendframework3\vendor\zendframework\zend-servicemanager\src\ServiceManager.php(200): Zend\ServiceManager\ServiceManager->doCreate('Api\\Controller\\...')
#5 D:\workspace\zendframework3\vendor\zendframework\zend-servicemanager\src\AbstractPluginManager.php(141): Zend\ServiceManager\ServiceManager->get('Api\\Controller\\...')
#6 D:\workspace\zendframework3\vendor\zendframework\zend-mvc\src\DispatchListener.php(102): Zend\ServiceManager\AbstractPluginManager->get('Api\\Controller\\...')
#7 D:\workspace\zendframework3\vendor\zendframework\zend-eventmanager\src\EventManager.php(322): Zend\Mvc\DispatchListener->onDispatch(Object(Zend\Mvc\MvcEvent))
#8 D:\workspace\zendframework3\vendor\zendframework\zend-eventmanager\src\EventManager.php(179): Zend\EventManager\EventManager->triggerListeners(Object(Zend\Mvc\MvcEvent), Object(Closure))
#9 D:\workspace\zendframework3\vendor\zendframework\zend-mvc\src\Application.php(332): Zend\EventManager\EventManager->triggerEventUntil(Object(Closure), Object(Zend\Mvc\MvcEvent))
#10 D:\workspace\zendframework3\public\index.php(40): Zend\Mvc\Application->run()
#11 {main}
2018-11-08T16:02:59+08:00 DEBUG (7): -------end--------

2018-11-08T16:04:31+08:00 DEBUG (7): An error occurred 
File:
 D:\workspace\zendframework3\vendor\zendframework\zend-view\src\Renderer\PhpRenderer.php : on line 498 
Message:
Zend\View\Renderer\PhpRenderer::render: Unable to render template "api/auth/login-page"; resolver could not resolve to a file
Stack trace: 
#0 D:\workspace\zendframework3\vendor\zendframework\zend-view\src\View.php(207): Zend\View\Renderer\PhpRenderer->render(NULL)
#1 D:\workspace\zendframework3\vendor\zendframework\zend-view\src\View.php(236): Zend\View\View->render(Object(Zend\View\Model\ViewModel))
#2 D:\workspace\zendframework3\vendor\zendframework\zend-view\src\View.php(200): Zend\View\View->renderChildren(Object(Zend\View\Model\ViewModel))
#3 D:\workspace\zendframework3\vendor\zendframework\zend-mvc\src\View\Http\DefaultRenderingStrategy.php(105): Zend\View\View->render(Object(Zend\View\Model\ViewModel))
#4 D:\workspace\zendframework3\vendor\zendframework\zend-eventmanager\src\EventManager.php(322): Zend\Mvc\View\Http\DefaultRenderingStrategy->render(Object(Zend\Mvc\MvcEvent))
#5 D:\workspace\zendframework3\vendor\zendframework\zend-eventmanager\src\EventManager.php(171): Zend\EventManager\EventManager->triggerListeners(Object(Zend\Mvc\MvcEvent))
#6 D:\workspace\zendframework3\vendor\zendframework\zend-mvc\src\Application.php(367): Zend\EventManager\EventManager->triggerEvent(Object(Zend\Mvc\MvcEvent))
#7 D:\workspace\zendframework3\vendor\zendframework\zend-mvc\src\Application.php(348): Zend\Mvc\Application->completeRequest(Object(Zend\Mvc\MvcEvent))
#8 D:\workspace\zendframework3\public\index.php(40): Zend\Mvc\Application->run()
#9 {main}
2018-11-08T16:04:31+08:00 DEBUG (7): -------end--------

2018-11-08T16:14:58+08:00 DEBUG (7): An error occurred 
File:
 D:\workspace\zendframework3\vendor\zendframework\zend-view\src\Renderer\PhpRenderer.php : on line 498 
Message:
Zend\View\Renderer\PhpRenderer::render: Unable to render template "layout/partial/css/phtml"; resolver could not resolve to a file
Stack trace: 
#0 D:\workspace\zendframework3\vendor\zendframework\zend-view\src\Helper\Partial.php(61): Zend\View\Renderer\PhpRenderer->render(NULL, NULL)
#1 [internal function]: Zend\View\Helper\Partial->__invoke('layout/partial/...')
#2 D:\workspace\zendframework3\vendor\zendframework\zend-view\src\Renderer\PhpRenderer.php(397): call_user_func_array(Object(Zend\View\Helper\Partial), Array)
#3 D:\workspace\zendframework3\module\Application\view\layout\application\layout.phtml(11): Zend\View\Renderer\PhpRenderer->__call('partial', Array)
#4 D:\workspace\zendframework3\vendor\zendframework\zend-view\src\Renderer\PhpRenderer.php(506): include('D:\\workspace\\ze...')
#5 D:\workspace\zendframework3\vendor\zendframework\zend-view\src\View.php(207): Zend\View\Renderer\PhpRenderer->render(NULL)
#6 D:\workspace\zendframework3\vendor\zendframework\zend-mvc\src\View\Http\DefaultRenderingStrategy.php(105): Zend\View\View->render(Object(Zend\View\Model\ViewModel))
#7 D:\workspace\zendframework3\vendor\zendframework\zend-eventmanager\src\EventManager.php(322): Zend\Mvc\View\Http\DefaultRenderingStrategy->render(Object(Zend\Mvc\MvcEvent))
#8 D:\workspace\zendframework3\vendor\zendframework\zend-eventmanager\src\EventManager.php(171): Zend\EventManager\EventManager->triggerListeners(Object(Zend\Mvc\MvcEvent))
#9 D:\workspace\zendframework3\vendor\zendframework\zend-mvc\src\Application.php(367): Zend\EventManager\EventManager->triggerEvent(Object(Zend\Mvc\MvcEvent))
#10 D:\workspace\zendframework3\vendor\zendframework\zend-mvc\src\Application.php(348): Zend\Mvc\Application->completeRequest(Object(Zend\Mvc\MvcEvent))
#11 D:\workspace\zendframework3\public\index.php(40): Zend\Mvc\Application->run()
#12 {main}
2018-11-08T16:14:58+08:00 DEBUG (7): -------end--------

2018-11-08T16:15:09+08:00 DEBUG (7): An error occurred 
File:
 D:\workspace\zendframework3\vendor\zendframework\zend-view\src\Renderer\PhpRenderer.php : on line 498 
Message:
Zend\View\Renderer\PhpRenderer::render: Unable to render template "layout/partial/css.phtml"; resolver could not resolve to a file
Stack trace: 
#0 D:\workspace\zendframework3\vendor\zendframework\zend-view\src\Helper\Partial.php(61): Zend\View\Renderer\PhpRenderer->render(NULL, NULL)
#1 [internal function]: Zend\View\Helper\Partial->__invoke('layout/partial/...')
#2 D:\workspace\zendframework3\vendor\zendframework\zend-view\src\Renderer\PhpRenderer.php(397): call_user_func_array(Object(Zend\View\Helper\Partial), Array)
#3 D:\workspace\zendframework3\module\Application\view\layout\application\layout.phtml(11): Zend\View\Renderer\PhpRenderer->__call('partial', Array)
#4 D:\workspace\zendframework3\vendor\zendframework\zend-view\src\Renderer\PhpRenderer.php(506): include('D:\\workspace\\ze...')
#5 D:\workspace\zendframework3\vendor\zendframework\zend-view\src\View.php(207): Zend\View\Renderer\PhpRenderer->render(NULL)
#6 D:\workspace\zendframework3\vendor\zendframework\zend-mvc\src\View\Http\DefaultRenderingStrategy.php(105): Zend\View\View->render(Object(Zend\View\Model\ViewModel))
#7 D:\workspace\zendframework3\vendor\zendframework\zend-eventmanager\src\EventManager.php(322): Zend\Mvc\View\Http\DefaultRenderingStrategy->render(Object(Zend\Mvc\MvcEvent))
#8 D:\workspace\zendframework3\vendor\zendframework\zend-eventmanager\src\EventManager.php(171): Zend\EventManager\EventManager->triggerListeners(Object(Zend\Mvc\MvcEvent))
#9 D:\workspace\zendframework3\vendor\zendframework\zend-mvc\src\Application.php(367): Zend\EventManager\EventManager->triggerEvent(Object(Zend\Mvc\MvcEvent))
#10 D:\workspace\zendframework3\vendor\zendframework\zend-mvc\src\Application.php(348): Zend\Mvc\Application->completeRequest(Object(Zend\Mvc\MvcEvent))
#11 D:\workspace\zendframework3\public\index.php(40): Zend\Mvc\Application->run()
#12 {main}
2018-11-08T16:15:09+08:00 DEBUG (7): -------end--------

